<?xml version="1.0" encoding="UTF-8"?>
<!-- Generated by org.testng.reporters.JUnitReportReporter -->
<testsuite skipped="0" hostname="EPINHYDW1504" name="com.epam.MakeMyTripAutomationUsingBDD.tests.TestHomePageFooterLinks" tests="1" failures="0" timestamp="26 Nov 2019 09:31:11 GMT" time="68.436" errors="0">
  <testcase name="testHomePageFooterLinks" time="68.436" classname="com.epam.MakeMyTripAutomationUsingBDD.tests.TestHomePageFooterLinks"/>
</testsuite> <!-- com.epam.MakeMyTripAutomationUsingBDD.tests.TestHomePageFooterLinks -->
