<?xml version="1.0" encoding="UTF-8"?>
<!-- Generated by org.testng.reporters.JUnitReportReporter -->
<testsuite skipped="0" hostname="EPINHYDW1504" name="com.epam.MakeMyTripAutomationUsingBDD.tests.TestFlightSearch" tests="1" failures="0" timestamp="22 Nov 2019 07:26:02 GMT" time="0.007" errors="0">
  <testcase name="feature" time="0.007" classname="com.epam.MakeMyTripAutomationUsingBDD.tests.TestFlightSearch"/>
</testsuite> <!-- com.epam.MakeMyTripAutomationUsingBDD.tests.TestFlightSearch -->
