<?xml version="1.0" encoding="UTF-8"?>
<!-- Generated by org.testng.reporters.JUnitReportReporter -->
<testsuite skipped="0" hostname="EPINHYDW1504" name="com.epam.MakeMyTripAutomationUsingBDD.tests.TestLogin" tests="1" failures="0" timestamp="26 Nov 2019 09:33:03 GMT" time="19.116" errors="0">
  <testcase name="feature" time="19.116" classname="com.epam.MakeMyTripAutomationUsingBDD.tests.TestLogin"/>
</testsuite> <!-- com.epam.MakeMyTripAutomationUsingBDD.tests.TestLogin -->
