<?xml version="1.0" encoding="UTF-8"?>
<!-- Generated by org.testng.reporters.JUnitReportReporter -->
<testsuite skipped="0" hostname="EPINHYDW1504" name="com.epam.MakeMyTripAutomationUsingBDD.tests.TestMMTFlightDeals" tests="1" failures="0" timestamp="25 Nov 2019 11:18:30 GMT" time="22.920" errors="0">
  <testcase name="testFlightDeals" time="22.920" classname="com.epam.MakeMyTripAutomationUsingBDD.tests.TestMMTFlightDeals"/>
</testsuite> <!-- com.epam.MakeMyTripAutomationUsingBDD.tests.TestMMTFlightDeals -->
