<?xml version="1.0" encoding="UTF-8"?>
<!-- Generated by org.testng.reporters.JUnitReportReporter -->
<testsuite skipped="0" hostname="EPINHYDW1504" name="com.epam.MakeMyTripAutomationUsingBDD.tests.TestMMTLogin" tests="1" failures="0" timestamp="26 Nov 2019 08:43:37 GMT" time="19.865" errors="0">
  <testcase name="feature" time="19.865" classname="com.epam.MakeMyTripAutomationUsingBDD.tests.TestMMTLogin"/>
</testsuite> <!-- com.epam.MakeMyTripAutomationUsingBDD.tests.TestMMTLogin -->
